0 info it worked if it ends with ok
1 verbose cli [ '/home/olavi/.nvm/v0.12.12/bin/node',
1 verbose cli   '/home/olavi/.nvm/v0.12.12/bin/npm',
1 verbose cli   'start' ]
2 info using npm@2.14.9
3 info using node@v0.12.12
4 verbose run-script [ 'prestart', 'start', 'poststart' ]
5 info prestart node-fileserver-server@0.0.0
6 info start node-fileserver-server@0.0.0
7 verbose unsafe-perm in lifecycle true
8 info node-fileserver-server@0.0.0 Failed to exec start script
9 verbose stack Error: node-fileserver-server@0.0.0 start: `node server.js`
9 verbose stack Exit status 1
9 verbose stack     at EventEmitter.<anonymous> (/home/olavi/.nvm/v0.12.12/lib/node_modules/npm/lib/utils/lifecycle.js:214:16)
9 verbose stack     at EventEmitter.emit (events.js:110:17)
9 verbose stack     at ChildProcess.<anonymous> (/home/olavi/.nvm/v0.12.12/lib/node_modules/npm/lib/utils/spawn.js:24:14)
9 verbose stack     at ChildProcess.emit (events.js:110:17)
9 verbose stack     at maybeClose (child_process.js:1019:16)
9 verbose stack     at Process.ChildProcess._handle.onexit (child_process.js:1091:5)
10 verbose pkgid node-fileserver-server@0.0.0
11 verbose cwd /home/olavi/dev/node-fileserver/server
12 error Linux 4.2.8-200.fc22.x86_64+debug
13 error argv "/home/olavi/.nvm/v0.12.12/bin/node" "/home/olavi/.nvm/v0.12.12/bin/npm" "start"
14 error node v0.12.12
15 error npm  v2.14.9
16 error code ELIFECYCLE
17 error node-fileserver-server@0.0.0 start: `node server.js`
17 error Exit status 1
18 error Failed at the node-fileserver-server@0.0.0 start script 'node server.js'.
18 error This is most likely a problem with the node-fileserver-server package,
18 error not with npm itself.
18 error Tell the author that this fails on your system:
18 error     node server.js
18 error You can get their info via:
18 error     npm owner ls node-fileserver-server
18 error There is likely additional logging output above.
19 verbose exit [ 1, true ]
